2019-10-07 10:46:40.190 INFO  [main] [com.yonyou.post.BootApplication] [] [] [] [] [] [] [] [iuap,iuap-eyetouch-seentao-server,,,,,] - Starting BootApplication on DESKTOP-IQ23FK8 with PID 22480 (started by 健龙 in D:\Program Project\contest\yonyou-eyeTouch\eyeTouch\eyetouch-seentao-be) 
2019-10-07 10:46:40.196 INFO  [main] [com.yonyou.post.BootApplication] [] [] [] [] [] [] [] [iuap,iuap-eyetouch-seentao-server,,,,,] - The following profiles are active: dev 
2019-10-07 10:46:41.784 INFO  [main] [c.y.c.middleware.YonyouCloudBanner] [] [] [] [] [] [] [] [iuap,iuap-eyetouch-seentao-server,,,,,] - 


__     __     __     __          _____ _                 _ 
\ \   / /     \ \   / /         / ____| |               | |
 \ \_/ /__  _ _\ \_/ /__  _   _| |    | | ___  _   _  __| |
  \   / _ \| '_ \   / _ \| | | | |    | |/ _ \| | | |/ _` |
   | | (_) | | | | | (_) | |_| | |____| | (_) | |_| | (_| |
   |_|\___/|_| |_|_|\___/ \__,_|\_____|_|\___/ \__,_|\__,_|


 
2019-10-07 10:46:43.326 INFO  [main] [c.y.c.m.module.NormalStartModule] [] [] [] [] [] [] [] [iuap,iuap-eyetouch-seentao-server,,,,,] - iris use normal mode 
2019-10-07 10:46:43.405 INFO  [main] [c.y.c.middleware.AppBaseInfoHelper] [] [] [] [] [] [] [] [iuap,iuap-eyetouch-seentao-server,,,,,] - 
当前应用配置信息:
appId=/iuap-eyetouch-seentao-server/
AccessKey=[BX*********I6]
AccessSec=[Za*********WS]
context=[/eyetouch-seentao-be]
port=[9688]
profile=[dev]
sslEnabled=false
version=latest
registry=https://developer.yonyoucloud.com
metainfo={}
 
2019-10-07 10:46:44.053 WARN  [OkHttp ConnectionPool] [okhttp3.OkHttpClient] [] [] [] [] [] [] [] [iuap,iuap-eyetouch-seentao-server,,,,,] - A connection to https://registry.yonyoucloud.com/ was leaked. Did you forget to close a response body? To see where this was allocated, set the OkHttpClient logger level to FINE: Logger.getLogger(OkHttpClient.class.getName()).setLevel(Level.FINE); 
2019-10-07 10:46:44.064 INFO  [main] [c.y.c.middleware.AppBaseInfoHelper] [] [] [] [] [] [] [] [iuap,iuap-eyetouch-seentao-server,,,,,] - check app result :{msg=查询成功!, data=c87e2267-1001-4c70-bb2a-ab41f3b81aa3, domains=[], RPCToken=e39ff2a8-a7e5-4725-968a-0b79ff2f333e, status=true} 
2019-10-07 10:46:44.092 INFO  [main] [c.y.c.plugin.AbstractPluginManager] [] [] [] [] [] [] [] [iuap,iuap-eyetouch-seentao-server,,,,,] - 加载插件proteus_embed_sdk 
2019-10-07 10:46:44.093 INFO  [main] [c.y.c.plugin.AbstractPluginManager] [] [] [] [] [] [] [] [iuap,iuap-eyetouch-seentao-server,,,,,] - 加载插件IrisStartChain 
2019-10-07 10:46:44.093 INFO  [main] [c.y.c.plugin.AbstractPluginManager] [] [] [] [] [] [] [] [iuap,iuap-eyetouch-seentao-server,,,,,] - 加载插件IrisDiscoveryStartChain 
2019-10-07 10:46:44.095 INFO  [main] [c.y.c.plugin.AbstractPluginManager] [] [] [] [] [] [] [] [iuap,iuap-eyetouch-seentao-server,,,,,] - 扩展点:com.yonyou.cloud.mwclient.itf.IMwStarting的实现:[IrisStartChain -> com.yonyou.cloud.middleware.iris.IrisStartChain,IrisDiscoveryStartChain -> com.yonyou.cloud.middleware.iris.IrisDiscoveryStartChain,proteus_embed_sdk -> com.yonyou.cloud.middleware.embed.proteus.client.ProteusConfIMwStartingExecute,] 
2019-10-07 10:46:44.096 INFO  [main] [c.y.c.plugin.AbstractPluginManager] [] [] [] [] [] [] [] [iuap,iuap-eyetouch-seentao-server,,,,,] - 加载插件DefaultCodeCAdapter 
2019-10-07 10:46:44.098 INFO  [main] [c.y.c.plugin.AbstractPluginManager] [] [] [] [] [] [] [] [iuap,iuap-eyetouch-seentao-server,,,,,] - 扩展点:com.yonyou.cloud.middleware.rpc.transport.ICodeCImpl的实现:[DefaultCodeCAdapter -> com.yonyou.cloud.middleware.rpc.transport.DefaultCodeCAdapter,] 
2019-10-07 10:46:44.464 WARN  [main] [c.n.c.sources.URLConfigurationSource] [] [] [] [] [] [] [] [iuap,iuap-eyetouch-seentao-server,,,,,] - No URLs will be polled as dynamic configuration sources. 
2019-10-07 10:46:44.464 INFO  [main] [c.n.c.sources.URLConfigurationSource] [] [] [] [] [] [] [] [iuap,iuap-eyetouch-seentao-server,,,,,] - To enable URLs as dynamic configuration sources, define System property archaius.configurationSource.additionalUrls or make config.properties available on classpath. 
2019-10-07 10:46:44.574 INFO  [main] [c.n.config.DynamicPropertyFactory] [] [] [] [] [] [] [] [iuap,iuap-eyetouch-seentao-server,,,,,] - DynamicPropertyFactory is initialized with configuration sources: com.netflix.config.ConcurrentCompositeConfiguration@13579834 
2019-10-07 10:46:44.620 INFO  [main] [c.n.config.util.ConfigurationUtils] [] [] [] [] [] [] [] [iuap,iuap-eyetouch-seentao-server,,,,,] - Loaded properties file jar:file:/D:/Program%20Project/jars/middleware-5.1.4-RELEASE.jar!/eureka-client.properties 
2019-10-07 10:46:45.068 INFO  [RPCTokenRefreshTimer-1] [c.y.c.middleware.AppBaseInfoHelper] [] [] [] [] [] [] [] [iuap,iuap-eyetouch-seentao-server,,,,,] - Time to refresh rpc token, url:https://microserviceregistry.yonyoucloud.com/servmeta/servidl/auth/refreshToken/iuap-eyetouch-seentao-server/e39ff2a8-a7e5-4725-968a-0b79ff2f333e?profile=dev, ak:BXMu0t845RJKTII6, as:ZadZQQvYYA8nQaQXcuy8YIOSUFGoWS 
2019-10-07 10:46:45.238 INFO  [main] [c.y.c.m.i.d.YonyouDataCenterInstanceConfig] [] [] [] [] [] [] [] [iuap,iuap-eyetouch-seentao-server,,,,,] - 虚拟网络IP:PORT >10.100.79.147:9688 
2019-10-07 10:46:45.257 INFO  [main] [c.n.a.p.EurekaConfigBasedInstanceInfoProvider] [] [] [] [] [] [] [] [iuap,iuap-eyetouch-seentao-server,,,,,] - Setting initial instance status as: STARTING 
2019-10-07 10:46:45.403 WARN  [main] [c.n.config.util.ConfigurationUtils] [] [] [] [] [] [] [] [iuap,iuap-eyetouch-seentao-server,,,,,] - jar:file:/D:/Program%20Project/jars/middleware-5.1.4-RELEASE.jar!/eureka-client.properties is already loaded 
2019-10-07 10:46:45.494 INFO  [main] [c.netflix.discovery.DiscoveryClient] [] [] [] [] [] [] [] [iuap,iuap-eyetouch-seentao-server,,,,,] - Initializing Eureka in region us-east-1 
2019-10-07 10:46:45.634 INFO  [main] [c.n.d.p.DiscoveryJerseyProvider] [] [] [] [] [] [] [] [iuap,iuap-eyetouch-seentao-server,,,,,] - Using JSON encoding codec LegacyJacksonJson 
2019-10-07 10:46:45.634 INFO  [main] [c.n.d.p.DiscoveryJerseyProvider] [] [] [] [] [] [] [] [iuap,iuap-eyetouch-seentao-server,,,,,] - Using JSON decoding codec LegacyJacksonJson 
2019-10-07 10:46:45.875 INFO  [main] [c.n.d.p.DiscoveryJerseyProvider] [] [] [] [] [] [] [] [iuap,iuap-eyetouch-seentao-server,,,,,] - Using XML encoding codec XStreamXml 
2019-10-07 10:46:45.875 INFO  [main] [c.n.d.p.DiscoveryJerseyProvider] [] [] [] [] [] [] [] [iuap,iuap-eyetouch-seentao-server,,,,,] - Using XML decoding codec XStreamXml 
2019-10-07 10:46:46.362 INFO  [main] [c.n.d.s.r.aws.ConfigClusterResolver] [] [] [] [] [] [] [] [iuap,iuap-eyetouch-seentao-server,,,,,] - Resolving eureka endpoints via configuration 
2019-10-07 10:46:46.795 INFO  [main] [c.netflix.discovery.DiscoveryClient] [] [] [] [] [] [] [] [iuap,iuap-eyetouch-seentao-server,,,,,] - Disable delta property : false 
2019-10-07 10:46:46.795 INFO  [main] [c.netflix.discovery.DiscoveryClient] [] [] [] [] [] [] [] [iuap,iuap-eyetouch-seentao-server,,,,,] - Single vip registry refresh property : null 
2019-10-07 10:46:46.795 INFO  [main] [c.netflix.discovery.DiscoveryClient] [] [] [] [] [] [] [] [iuap,iuap-eyetouch-seentao-server,,,,,] - Force full registry fetch : false 
2019-10-07 10:46:46.795 INFO  [main] [c.netflix.discovery.DiscoveryClient] [] [] [] [] [] [] [] [iuap,iuap-eyetouch-seentao-server,,,,,] - Application is null : false 
2019-10-07 10:46:46.795 INFO  [main] [c.netflix.discovery.DiscoveryClient] [] [] [] [] [] [] [] [iuap,iuap-eyetouch-seentao-server,,,,,] - Registered Applications size is zero : true 
2019-10-07 10:46:46.796 INFO  [main] [c.netflix.discovery.DiscoveryClient] [] [] [] [] [] [] [] [iuap,iuap-eyetouch-seentao-server,,,,,] - Application version is -1: true 
2019-10-07 10:46:46.796 INFO  [main] [c.netflix.discovery.DiscoveryClient] [] [] [] [] [] [] [] [iuap,iuap-eyetouch-seentao-server,,,,,] - Getting all instance registry info from the eureka server 
2019-10-07 10:46:48.433 INFO  [main] [c.netflix.discovery.DiscoveryClient] [] [] [] [] [] [] [] [iuap,iuap-eyetouch-seentao-server,,,,,] - The response status is 200 
2019-10-07 10:46:48.443 INFO  [main] [c.netflix.discovery.DiscoveryClient] [] [] [] [] [] [] [] [iuap,iuap-eyetouch-seentao-server,,,,,] - Starting heartbeat executor: renew interval is: 30 
2019-10-07 10:46:48.446 INFO  [main] [c.n.discovery.InstanceInfoReplicator] [] [] [] [] [] [] [] [iuap,iuap-eyetouch-seentao-server,,,,,] - InstanceInfoReplicator onDemand update allowed rate per min is 4 
2019-10-07 10:46:48.454 INFO  [main] [c.netflix.discovery.DiscoveryClient] [] [] [] [] [] [] [] [iuap,iuap-eyetouch-seentao-server,,,,,] - Discovery Client initialized at timestamp 1570416408454 with initial instances count: 1701 
2019-10-07 10:46:48.456 INFO  [DiscoveryClient-InstanceInfoReplicator-0] [c.netflix.discovery.DiscoveryClient] [] [] [] [] [] [] [] [iuap,iuap-eyetouch-seentao-server,,,,,] - DiscoveryClient_IUAP-EYETOUCH-SEENTAO-SERVER/10.100.79.147:9688@68c4a339-ce30-462f-aa98-7aa18578a116: registering service... 
2019-10-07 10:46:48.657 INFO  [DiscoveryClient-InstanceInfoReplicator-0] [c.netflix.discovery.DiscoveryClient] [] [] [] [] [] [] [] [iuap,iuap-eyetouch-seentao-server,,,,,] - DiscoveryClient_IUAP-EYETOUCH-SEENTAO-SERVER/10.100.79.147:9688@68c4a339-ce30-462f-aa98-7aa18578a116 - registration status: 204 
2019-10-07 10:46:48.676 INFO  [main] [org.reflections.Reflections] [] [] [] [] [] [] [] [iuap,iuap-eyetouch-seentao-server,,,,,] - Reflections took 109 ms to scan 1 urls, producing 11 keys and 58 values  
2019-10-07 10:46:48.707 INFO  [main] [c.y.c.m.e.p.c.c.ProteusConfigMgr] [] [] [] [] [] [] [] [iuap,iuap-eyetouch-seentao-server,,,,,] - 根据mwclient的bootstrap设置的环境初始化AK完成! 
2019-10-07 10:46:48.707 INFO  [main] [c.y.c.m.e.p.c.c.ProteusConfigMgr] [] [] [] [] [] [] [] [iuap,iuap-eyetouch-seentao-server,,,,,] - --------------- init groups start --------------- 
2019-10-07 10:46:48.712 INFO  [main] [c.y.c.m.e.p.c.c.ProteusConfigMgr] [] [] [] [] [] [] [] [iuap,iuap-eyetouch-seentao-server,,,,,] - --------------- init groups end --------------- 
2019-10-07 10:46:48.714 INFO  [main] [c.y.c.m.e.p.c.c.ProteusConfigMgr] [] [] [] [] [] [] [] [iuap,iuap-eyetouch-seentao-server,,,,,] - --------------- LOAD CONFIG START --------------- 
2019-10-07 10:46:48.716 INFO  [main] [c.y.c.m.e.p.c.c.ProteusConfigMgr] [] [] [] [] [] [] [] [iuap,iuap-eyetouch-seentao-server,,,,,] - Finer print: DESKTOP-IQ23FK8_0_3b2e1fa8-56e4-42a6-8f8d-2d77d71ced94 
2019-10-07 10:46:48.755 INFO  [main] [c.y.c.m.e.p.c.c.ProteusConfigMgr] [] [] [] [] [] [] [] [iuap,iuap-eyetouch-seentao-server,,,,,] - --------------- LOAD CONFIG END --------------- 
2019-10-07 10:46:48.755 INFO  [main] [c.y.c.m.e.proteus.client.ProteusMgr] [] [] [] [] [] [] [] [iuap,iuap-eyetouch-seentao-server,,,,,] - ******************************* DISCONF START FIRST SCAN ******************************* 
2019-10-07 10:46:48.778 INFO  [main] [org.reflections.Reflections] [] [] [] [] [] [] [] [iuap,iuap-eyetouch-seentao-server,,,,,] - Reflections took 3 ms to scan 1 urls, producing 11 keys and 58 values  
2019-10-07 10:46:48.795 WARN  [main] [c.y.c.m.e.p.c.s.i.s.s.ScanStaticStrategy] [] [] [] [] [] [] [] [iuap,iuap-eyetouch-seentao-server,,,,,] - disconf file hasn't any items: com.yonyou.cloud.middleware.proteus.config.StrategyListener 
2019-10-07 10:46:48.795 WARN  [main] [c.y.c.m.e.p.c.s.i.s.s.ScanStaticStrategy] [] [] [] [] [] [] [] [iuap,iuap-eyetouch-seentao-server,,,,,] - disconf file hasn't any items: com.yonyou.cloud.middleware.proteus.config.AuthorityConfigBean 
2019-10-07 10:46:49.463 INFO  [main] [c.y.c.m.e.p.c.c.p.i.DisconfFileCoreProcessorImpl] [] [] [] [] [] [] [] [iuap,iuap-eyetouch-seentao-server,,,,,] - download authority.json of group mwclient ok. 
2019-10-07 10:46:49.467 WARN  [main] [c.y.c.m.e.p.c.c.p.i.DisconfFileCoreProcessorImpl] [] [] [] [] [] [] [] [iuap,iuap-eyetouch-seentao-server,,,,,] - 配置信息中开启了watcher! 
2019-10-07 10:46:49.509 INFO  [DiscoveryClient-CacheRefreshExecutor-0] [c.netflix.discovery.DiscoveryClient] [] [] [] [] [] [] [] [iuap,iuap-eyetouch-seentao-server,,,,,] - Succeed to add instance 172.21.193.74:8080@c40b31da-6317-4cd7-9aec-800ba6c3c801 to the existing apps in region null, providerId:9194af05-6466-4f8c-8c41-40768e0ee4f5, appname:PREWARNING-PUB, registeredApplications:Application [name=PREWARNING-PUB, appRemark=null, providerId=9194af05-6466-4f8c-8c41-40768e0ee4f5, isDirty=true, instances=[com.netflix.appinfo.InstanceInfo@9c049c93, com.netflix.appinfo.InstanceInfo@b31fe09d, com.netflix.appinfo.InstanceInfo@1e6ae89e, com.netflix.appinfo.InstanceInfo@21341b2c, com.netflix.appinfo.InstanceInfo@278b7e61, com.netflix.appinfo.InstanceInfo@f60ab6b, com.netflix.appinfo.InstanceInfo@86da5c65, com.netflix.appinfo.InstanceInfo@a99e4610, com.netflix.appinfo.InstanceInfo@bce8f11e], shuffledInstances=[com.netflix.appinfo.InstanceInfo@21341b2c, com.netflix.appinfo.InstanceInfo@86da5c65, com.netflix.appinfo.InstanceInfo@f60ab6b, com.netflix.appinfo.InstanceInfo@9c049c93, com.netflix.appinfo.InstanceInfo@bce8f11e, com.netflix.appinfo.InstanceInfo@b31fe09d, com.netflix.appinfo.InstanceInfo@278b7e61, com.netflix.appinfo.InstanceInfo@a99e4610, com.netflix.appinfo.InstanceInfo@1e6ae89e], instancesMap={192.168.243.93:8080@26c19ffa-c507-46c2-814f-d6ca9d474f0a=com.netflix.appinfo.InstanceInfo@9c049c93, 192.168.70.149:8080@eadd13df-71ee-49dc-9af0-0cd6ceb47d9c=com.netflix.appinfo.InstanceInfo@b31fe09d, 172.21.23.240:8080@75c9ab00-9e67-4ade-b153-ad15be8ec14a=com.netflix.appinfo.InstanceInfo@1e6ae89e, 172.21.193.74:8080@c40b31da-6317-4cd7-9aec-800ba6c3c801=com.netflix.appinfo.InstanceInfo@bce8f11e, 192.168.186.40:8080@61da2de9-3240-4669-98af-26d87126e3b7=com.netflix.appinfo.InstanceInfo@21341b2c, virtual-prewarning-pub57999427-a144-4414-8433-7abb96c0c162=com.netflix.appinfo.InstanceInfo@278b7e61, 10.3.35.54:31266@37e6203d-8826-4647-a156-fb57bdba4dae=com.netflix.appinfo.InstanceInfo@f60ab6b, 192.168.157.15:8080@189ae788-3aae-4c65-9bdc-9cd577fe04fe=com.netflix.appinfo.InstanceInfo@86da5c65, 172.21.167.172:8080@7da54bf4-ebbe-40cd-a8df-de9e55409c04=com.netflix.appinfo.InstanceInfo@a99e4610}] 
2019-10-07 10:46:49.510 INFO  [DiscoveryClient-CacheRefreshExecutor-0] [c.netflix.discovery.DiscoveryClient] [] [] [] [] [] [] [] [iuap,iuap-eyetouch-seentao-server,,,,,] - Succeed to add instance 10.100.79.147:9688@68c4a339-ce30-462f-aa98-7aa18578a116 to the existing apps in region null, providerId:c87e2267-1001-4c70-bb2a-ab41f3b81aa3, appname:IUAP-EYETOUCH-SEENTAO-SERVER, registeredApplications:Application [name=IUAP-EYETOUCH-SEENTAO-SERVER, appRemark=null, providerId=c87e2267-1001-4c70-bb2a-ab41f3b81aa3, isDirty=true, instances=[com.netflix.appinfo.InstanceInfo@aa249f75, com.netflix.appinfo.InstanceInfo@10aeb48c], shuffledInstances=[com.netflix.appinfo.InstanceInfo@aa249f75], instancesMap={192.168.45.131:9688@63a6dbe0-db39-4550-a004-cf2478198ed5=com.netflix.appinfo.InstanceInfo@aa249f75, 10.100.79.147:9688@68c4a339-ce30-462f-aa98-7aa18578a116=com.netflix.appinfo.InstanceInfo@10aeb48c}] 
2019-10-07 10:46:49.779 INFO  [main] [c.y.c.m.e.p.c.c.p.i.DisconfFileCoreProcessorImpl] [] [] [] [] [] [] [] [iuap,iuap-eyetouch-seentao-server,,,,,] - download strategy.json of group mwclient ok. 
2019-10-07 10:46:49.779 WARN  [main] [c.y.c.m.e.p.c.c.p.i.DisconfFileCoreProcessorImpl] [] [] [] [] [] [] [] [iuap,iuap-eyetouch-seentao-server,,,,,] - 配置信息中开启了watcher! 
2019-10-07 10:46:49.779 INFO  [main] [c.y.c.m.e.proteus.client.ProteusMgr] [] [] [] [] [] [] [] [iuap,iuap-eyetouch-seentao-server,,,,,] - ******************************* DISCONF END FIRST SCAN ******************************* 
2019-10-07 10:46:49.780 INFO  [main] [c.y.c.m.e.proteus.client.ProteusMgr] [] [] [] [] [] [] [] [iuap,iuap-eyetouch-seentao-server,,,,,] - ******************************* DISCONF START SECOND SCAN ******************************* 
2019-10-07 10:46:50.163 INFO  [main] [c.y.c.m.e.p.c.c.p.i.DisconfFileCoreProcessorImpl] [] [] [] [] [] [] [] [iuap,iuap-eyetouch-seentao-server,,,,,] - download strategy.json of group mwclient ok. 
2019-10-07 10:46:50.163 WARN  [main] [c.y.c.m.e.p.c.c.p.i.DisconfFileCoreProcessorImpl] [] [] [] [] [] [] [] [iuap,iuap-eyetouch-seentao-server,,,,,] - 配置信息中开启了watcher! 
2019-10-07 10:46:50.163 INFO  [main] [c.y.c.m.e.p.c.w.i.HttpWatchMgrImpl] [] [] [] [] [] [] [] [iuap,iuap-eyetouch-seentao-server,,,,,] - config strategy.json in group mwclient has watched already! 
2019-10-07 10:46:50.190 INFO  [main] [c.y.c.m.e.p.c.w.i.HttpWatchMgrImpl] [] [] [] [] [] [] [] [iuap,iuap-eyetouch-seentao-server,,,,,] - config strategy.json in group mwclient has been force reload already! 
2019-10-07 10:46:50.272 INFO  [main] [c.y.c.m.e.p.c.c.p.i.DisconfFileCoreProcessorImpl] [] [] [] [] [] [] [] [iuap,iuap-eyetouch-seentao-server,,,,,] - download authority.json of group mwclient ok. 
2019-10-07 10:46:50.273 WARN  [main] [c.y.c.m.e.p.c.c.p.i.DisconfFileCoreProcessorImpl] [] [] [] [] [] [] [] [iuap,iuap-eyetouch-seentao-server,,,,,] - 配置信息中开启了watcher! 
2019-10-07 10:46:50.273 INFO  [main] [c.y.c.m.e.p.c.w.i.HttpWatchMgrImpl] [] [] [] [] [] [] [] [iuap,iuap-eyetouch-seentao-server,,,,,] - config authority.json in group mwclient has watched already! 
2019-10-07 10:46:50.274 INFO  [main] [c.y.c.m.e.p.c.w.i.HttpWatchMgrImpl] [] [] [] [] [] [] [] [iuap,iuap-eyetouch-seentao-server,,,,,] - config authority.json in group mwclient has been force reload already! 
2019-10-07 10:46:50.274 INFO  [main] [c.y.c.m.e.proteus.client.ProteusMgr] [] [] [] [] [] [] [] [iuap,iuap-eyetouch-seentao-server,,,,,] - Conf File Map of group eos-pubgrp-mq : 
 
2019-10-07 10:46:50.275 INFO  [main] [c.y.c.m.e.proteus.client.ProteusMgr] [] [] [] [] [] [] [] [iuap,iuap-eyetouch-seentao-server,,,,,] - Conf Item Map of group eos-pubgrp-mq : 
 
2019-10-07 10:46:50.275 INFO  [main] [c.y.c.m.e.proteus.client.ProteusMgr] [] [] [] [] [] [] [] [iuap,iuap-eyetouch-seentao-server,,,,,] - Conf File Map of group mwclient : 
disconf-file:	authority.json	
	DisconfCenterFile [
	keyMaps={}
	additionalKeyMaps={}
	cls=class com.yonyou.cloud.middleware.proteus.config.AuthorityConfigBean
	remoteServerUrl=/api/config/file?app=iuap-eyetouch-seentao-server&groupid=c87e2267-1001-4c70-bb2a-ab41f3b81aa3&env=dev&type=0&version=1.0.0&key=authority.json]
disconf-file:	strategy.json	
	DisconfCenterFile [
	keyMaps={}
	additionalKeyMaps={}
	cls=class com.yonyou.cloud.middleware.proteus.config.StrategyListener
	remoteServerUrl=/api/config/file?app=iuap-eyetouch-seentao-server&groupid=c87e2267-1001-4c70-bb2a-ab41f3b81aa3&env=dev&type=0&version=1.0.0&key=strategy.json]
 
2019-10-07 10:46:50.275 INFO  [main] [c.y.c.m.e.proteus.client.ProteusMgr] [] [] [] [] [] [] [] [iuap,iuap-eyetouch-seentao-server,,,,,] - Conf Item Map of group mwclient : 
 
2019-10-07 10:46:50.275 INFO  [main] [c.y.c.m.e.proteus.client.ProteusMgr] [] [] [] [] [] [] [] [iuap,iuap-eyetouch-seentao-server,,,,,] - ******************************* DISCONF SECOND SCAN END ******************************* 
2019-10-07 10:46:54.892 ERROR [HttpNodeWatcher-1] [c.y.c.m.e.p.c.w.i.HttpStatelessConfWatcher] [] [] [] [] [] [] [] [iuap,iuap-eyetouch-seentao-server,,,,,] - config check error, path is iuap-eyetouch-seentao-server:1.0.0:dev:FILE:authority.json, error:. java.lang.Exception: status is not ok.
	at com.yonyou.cloud.middleware.embed.proteus.client.fetcher.impl.FetcherMgrImpl.getValueFromServer(FetcherMgrImpl.java:91)
	at com.yonyou.cloud.middleware.embed.proteus.client.watch.inner.HttpStatelessConfWatcher.getServerConfUpdateTs(HttpStatelessConfWatcher.java:197)
	at com.yonyou.cloud.middleware.embed.proteus.client.watch.inner.HttpStatelessConfWatcher.access$100(HttpStatelessConfWatcher.java:25)
	at com.yonyou.cloud.middleware.embed.proteus.client.watch.inner.HttpStatelessConfWatcher$1.run(HttpStatelessConfWatcher.java:97)
	at java.util.concurrent.ThreadPoolExecutor.runWorker(ThreadPoolExecutor.java:1149)
	at java.util.concurrent.ThreadPoolExecutor$Worker.run(ThreadPoolExecutor.java:624)
	at java.lang.Thread.run(Thread.java:748)

2019-10-07 10:46:54.909 ERROR [HttpNodeWatcher-2] [c.y.c.m.e.p.c.w.i.HttpStatelessConfWatcher] [] [] [] [] [] [] [] [iuap,iuap-eyetouch-seentao-server,,,,,] - config check error, path is iuap-eyetouch-seentao-server:1.0.0:dev:FILE:strategy.json, error:. java.lang.Exception: status is not ok.
	at com.yonyou.cloud.middleware.embed.proteus.client.fetcher.impl.FetcherMgrImpl.getValueFromServer(FetcherMgrImpl.java:91)
	at com.yonyou.cloud.middleware.embed.proteus.client.watch.inner.HttpStatelessConfWatcher.getServerConfUpdateTs(HttpStatelessConfWatcher.java:197)
	at com.yonyou.cloud.middleware.embed.proteus.client.watch.inner.HttpStatelessConfWatcher.access$100(HttpStatelessConfWatcher.java:25)
	at com.yonyou.cloud.middleware.embed.proteus.client.watch.inner.HttpStatelessConfWatcher$1.run(HttpStatelessConfWatcher.java:97)
	at java.util.concurrent.ThreadPoolExecutor.runWorker(ThreadPoolExecutor.java:1149)
	at java.util.concurrent.ThreadPoolExecutor$Worker.run(ThreadPoolExecutor.java:624)
	at java.lang.Thread.run(Thread.java:748)

2019-10-07 10:46:59.963 ERROR [HttpNodeWatcher-1] [c.y.c.m.e.p.c.w.i.HttpStatelessConfWatcher] [] [] [] [] [] [] [] [iuap,iuap-eyetouch-seentao-server,,,,,] - config check error, path is iuap-eyetouch-seentao-server:1.0.0:dev:FILE:authority.json, error:. java.lang.Exception: status is not ok.
	at com.yonyou.cloud.middleware.embed.proteus.client.fetcher.impl.FetcherMgrImpl.getValueFromServer(FetcherMgrImpl.java:91)
	at com.yonyou.cloud.middleware.embed.proteus.client.watch.inner.HttpStatelessConfWatcher.getServerConfUpdateTs(HttpStatelessConfWatcher.java:197)
	at com.yonyou.cloud.middleware.embed.proteus.client.watch.inner.HttpStatelessConfWatcher.access$100(HttpStatelessConfWatcher.java:25)
	at com.yonyou.cloud.middleware.embed.proteus.client.watch.inner.HttpStatelessConfWatcher$1.run(HttpStatelessConfWatcher.java:97)
	at java.util.concurrent.ThreadPoolExecutor.runWorker(ThreadPoolExecutor.java:1149)
	at java.util.concurrent.ThreadPoolExecutor$Worker.run(ThreadPoolExecutor.java:624)
	at java.lang.Thread.run(Thread.java:748)

2019-10-07 10:46:59.979 ERROR [HttpNodeWatcher-2] [c.y.c.m.e.p.c.w.i.HttpStatelessConfWatcher] [] [] [] [] [] [] [] [iuap,iuap-eyetouch-seentao-server,,,,,] - config check error, path is iuap-eyetouch-seentao-server:1.0.0:dev:FILE:strategy.json, error:. java.lang.Exception: status is not ok.
	at com.yonyou.cloud.middleware.embed.proteus.client.fetcher.impl.FetcherMgrImpl.getValueFromServer(FetcherMgrImpl.java:91)
	at com.yonyou.cloud.middleware.embed.proteus.client.watch.inner.HttpStatelessConfWatcher.getServerConfUpdateTs(HttpStatelessConfWatcher.java:197)
	at com.yonyou.cloud.middleware.embed.proteus.client.watch.inner.HttpStatelessConfWatcher.access$100(HttpStatelessConfWatcher.java:25)
	at com.yonyou.cloud.middleware.embed.proteus.client.watch.inner.HttpStatelessConfWatcher$1.run(HttpStatelessConfWatcher.java:97)
	at java.util.concurrent.ThreadPoolExecutor.runWorker(ThreadPoolExecutor.java:1149)
	at java.util.concurrent.ThreadPoolExecutor$Worker.run(ThreadPoolExecutor.java:624)
	at java.lang.Thread.run(Thread.java:748)

2019-10-07 10:47:05.038 ERROR [HttpNodeWatcher-1] [c.y.c.m.e.p.c.w.i.HttpStatelessConfWatcher] [] [] [] [] [] [] [] [iuap,iuap-eyetouch-seentao-server,,,,,] - config check error, path is iuap-eyetouch-seentao-server:1.0.0:dev:FILE:authority.json, error:. java.lang.Exception: status is not ok.
	at com.yonyou.cloud.middleware.embed.proteus.client.fetcher.impl.FetcherMgrImpl.getValueFromServer(FetcherMgrImpl.java:91)
	at com.yonyou.cloud.middleware.embed.proteus.client.watch.inner.HttpStatelessConfWatcher.getServerConfUpdateTs(HttpStatelessConfWatcher.java:197)
	at com.yonyou.cloud.middleware.embed.proteus.client.watch.inner.HttpStatelessConfWatcher.access$100(HttpStatelessConfWatcher.java:25)
	at com.yonyou.cloud.middleware.embed.proteus.client.watch.inner.HttpStatelessConfWatcher$1.run(HttpStatelessConfWatcher.java:97)
	at java.util.concurrent.ThreadPoolExecutor.runWorker(ThreadPoolExecutor.java:1149)
	at java.util.concurrent.ThreadPoolExecutor$Worker.run(ThreadPoolExecutor.java:624)
	at java.lang.Thread.run(Thread.java:748)

2019-10-07 10:47:05.049 ERROR [HttpNodeWatcher-2] [c.y.c.m.e.p.c.w.i.HttpStatelessConfWatcher] [] [] [] [] [] [] [] [iuap,iuap-eyetouch-seentao-server,,,,,] - config check error, path is iuap-eyetouch-seentao-server:1.0.0:dev:FILE:strategy.json, error:. java.lang.Exception: status is not ok.
	at com.yonyou.cloud.middleware.embed.proteus.client.fetcher.impl.FetcherMgrImpl.getValueFromServer(FetcherMgrImpl.java:91)
	at com.yonyou.cloud.middleware.embed.proteus.client.watch.inner.HttpStatelessConfWatcher.getServerConfUpdateTs(HttpStatelessConfWatcher.java:197)
	at com.yonyou.cloud.middleware.embed.proteus.client.watch.inner.HttpStatelessConfWatcher.access$100(HttpStatelessConfWatcher.java:25)
	at com.yonyou.cloud.middleware.embed.proteus.client.watch.inner.HttpStatelessConfWatcher$1.run(HttpStatelessConfWatcher.java:97)
	at java.util.concurrent.ThreadPoolExecutor.runWorker(ThreadPoolExecutor.java:1149)
	at java.util.concurrent.ThreadPoolExecutor$Worker.run(ThreadPoolExecutor.java:624)
	at java.lang.Thread.run(Thread.java:748)

2019-10-07 10:47:10.115 ERROR [HttpNodeWatcher-1] [c.y.c.m.e.p.c.w.i.HttpStatelessConfWatcher] [] [] [] [] [] [] [] [iuap,iuap-eyetouch-seentao-server,,,,,] - config check error, path is iuap-eyetouch-seentao-server:1.0.0:dev:FILE:authority.json, error:. java.lang.Exception: status is not ok.
	at com.yonyou.cloud.middleware.embed.proteus.client.fetcher.impl.FetcherMgrImpl.getValueFromServer(FetcherMgrImpl.java:91)
	at com.yonyou.cloud.middleware.embed.proteus.client.watch.inner.HttpStatelessConfWatcher.getServerConfUpdateTs(HttpStatelessConfWatcher.java:197)
	at com.yonyou.cloud.middleware.embed.proteus.client.watch.inner.HttpStatelessConfWatcher.access$100(HttpStatelessConfWatcher.java:25)
	at com.yonyou.cloud.middleware.embed.proteus.client.watch.inner.HttpStatelessConfWatcher$1.run(HttpStatelessConfWatcher.java:97)
	at java.util.concurrent.ThreadPoolExecutor.runWorker(ThreadPoolExecutor.java:1149)
	at java.util.concurrent.ThreadPoolExecutor$Worker.run(ThreadPoolExecutor.java:624)
	at java.lang.Thread.run(Thread.java:748)

2019-10-07 10:47:10.117 ERROR [HttpNodeWatcher-2] [c.y.c.m.e.p.c.w.i.HttpStatelessConfWatcher] [] [] [] [] [] [] [] [iuap,iuap-eyetouch-seentao-server,,,,,] - config check error, path is iuap-eyetouch-seentao-server:1.0.0:dev:FILE:strategy.json, error:. java.lang.Exception: status is not ok.
	at com.yonyou.cloud.middleware.embed.proteus.client.fetcher.impl.FetcherMgrImpl.getValueFromServer(FetcherMgrImpl.java:91)
	at com.yonyou.cloud.middleware.embed.proteus.client.watch.inner.HttpStatelessConfWatcher.getServerConfUpdateTs(HttpStatelessConfWatcher.java:197)
	at com.yonyou.cloud.middleware.embed.proteus.client.watch.inner.HttpStatelessConfWatcher.access$100(HttpStatelessConfWatcher.java:25)
	at com.yonyou.cloud.middleware.embed.proteus.client.watch.inner.HttpStatelessConfWatcher$1.run(HttpStatelessConfWatcher.java:97)
	at java.util.concurrent.ThreadPoolExecutor.runWorker(ThreadPoolExecutor.java:1149)
	at java.util.concurrent.ThreadPoolExecutor$Worker.run(ThreadPoolExecutor.java:624)
	at java.lang.Thread.run(Thread.java:748)

2019-10-07 10:47:10.413 INFO  [main] [o.s.d.r.c.RepositoryConfigurationDelegate] [] [] [] [] [] [] [] [iuap,iuap-eyetouch-seentao-server,,,,,] - Multiple Spring Data modules found, entering strict repository configuration mode! 
2019-10-07 10:47:10.420 INFO  [main] [o.s.d.r.c.RepositoryConfigurationDelegate] [] [] [] [] [] [] [] [iuap,iuap-eyetouch-seentao-server,,,,,] - Bootstrapping Spring Data repositories in DEFAULT mode. 
2019-10-07 10:47:10.466 INFO  [main] [o.s.d.r.c.RepositoryConfigurationDelegate] [] [] [] [] [] [] [] [iuap,iuap-eyetouch-seentao-server,,,,,] - Finished Spring Data repository scanning in 23ms. Found 0 repository interfaces. 
2019-10-07 10:47:10.829 INFO  [main] [o.s.c.a.ConfigurationClassEnhancer] [] [] [] [] [] [] [] [iuap,iuap-eyetouch-seentao-server,,,,,] - @Bean method MwConfiguration.rpcStubBfpp is non-static and returns an object assignable to Spring's BeanFactoryPostProcessor interface. This will result in a failure to process annotations such as @Autowired, @Resource and @PostConstruct within the method's declaring @Configuration class. Add the 'static' modifier to this method to avoid these container lifecycle issues; see @Bean javadoc for complete details. 
2019-10-07 10:47:10.839 INFO  [main] [c.y.c.plugin.AbstractPluginManager] [] [] [] [] [] [] [] [iuap,iuap-eyetouch-seentao-server,,,,,] - 扩展点:com.yonyou.cloud.plugin.BeanDefinitionPlugin的实现:[] 
2019-10-07 10:47:15.186 ERROR [HttpNodeWatcher-2] [c.y.c.m.e.p.c.w.i.HttpStatelessConfWatcher] [] [] [] [] [] [] [] [iuap,iuap-eyetouch-seentao-server,,,,,] - config check error, path is iuap-eyetouch-seentao-server:1.0.0:dev:FILE:strategy.json, error:. java.lang.Exception: status is not ok.
	at com.yonyou.cloud.middleware.embed.proteus.client.fetcher.impl.FetcherMgrImpl.getValueFromServer(FetcherMgrImpl.java:91)
	at com.yonyou.cloud.middleware.embed.proteus.client.watch.inner.HttpStatelessConfWatcher.getServerConfUpdateTs(HttpStatelessConfWatcher.java:197)
	at com.yonyou.cloud.middleware.embed.proteus.client.watch.inner.HttpStatelessConfWatcher.access$100(HttpStatelessConfWatcher.java:25)
	at com.yonyou.cloud.middleware.embed.proteus.client.watch.inner.HttpStatelessConfWatcher$1.run(HttpStatelessConfWatcher.java:97)
	at java.util.concurrent.ThreadPoolExecutor.runWorker(ThreadPoolExecutor.java:1149)
	at java.util.concurrent.ThreadPoolExecutor$Worker.run(ThreadPoolExecutor.java:624)
	at java.lang.Thread.run(Thread.java:748)

2019-10-07 10:47:15.186 ERROR [HttpNodeWatcher-1] [c.y.c.m.e.p.c.w.i.HttpStatelessConfWatcher] [] [] [] [] [] [] [] [iuap,iuap-eyetouch-seentao-server,,,,,] - config check error, path is iuap-eyetouch-seentao-server:1.0.0:dev:FILE:authority.json, error:. java.lang.Exception: status is not ok.
	at com.yonyou.cloud.middleware.embed.proteus.client.fetcher.impl.FetcherMgrImpl.getValueFromServer(FetcherMgrImpl.java:91)
	at com.yonyou.cloud.middleware.embed.proteus.client.watch.inner.HttpStatelessConfWatcher.getServerConfUpdateTs(HttpStatelessConfWatcher.java:197)
	at com.yonyou.cloud.middleware.embed.proteus.client.watch.inner.HttpStatelessConfWatcher.access$100(HttpStatelessConfWatcher.java:25)
	at com.yonyou.cloud.middleware.embed.proteus.client.watch.inner.HttpStatelessConfWatcher$1.run(HttpStatelessConfWatcher.java:97)
	at java.util.concurrent.ThreadPoolExecutor.runWorker(ThreadPoolExecutor.java:1149)
	at java.util.concurrent.ThreadPoolExecutor$Worker.run(ThreadPoolExecutor.java:624)
	at java.lang.Thread.run(Thread.java:748)

2019-10-07 10:47:19.587 INFO  [DiscoveryClient-CacheRefreshExecutor-0] [c.netflix.discovery.DiscoveryClient] [] [] [] [] [] [] [] [iuap,iuap-eyetouch-seentao-server,,,,,] - Succeed to add instance 172.21.193.74:8080@c40b31da-6317-4cd7-9aec-800ba6c3c801 to the existing apps in region null, providerId:9194af05-6466-4f8c-8c41-40768e0ee4f5, appname:PREWARNING-PUB, registeredApplications:Application [name=PREWARNING-PUB, appRemark=null, providerId=9194af05-6466-4f8c-8c41-40768e0ee4f5, isDirty=true, instances=[com.netflix.appinfo.InstanceInfo@9c049c93, com.netflix.appinfo.InstanceInfo@b31fe09d, com.netflix.appinfo.InstanceInfo@1e6ae89e, com.netflix.appinfo.InstanceInfo@21341b2c, com.netflix.appinfo.InstanceInfo@278b7e61, com.netflix.appinfo.InstanceInfo@f60ab6b, com.netflix.appinfo.InstanceInfo@86da5c65, com.netflix.appinfo.InstanceInfo@a99e4610, com.netflix.appinfo.InstanceInfo@bce8f11e], shuffledInstances=[com.netflix.appinfo.InstanceInfo@bce8f11e, com.netflix.appinfo.InstanceInfo@b31fe09d, com.netflix.appinfo.InstanceInfo@a99e4610, com.netflix.appinfo.InstanceInfo@86da5c65, com.netflix.appinfo.InstanceInfo@278b7e61, com.netflix.appinfo.InstanceInfo@1e6ae89e, com.netflix.appinfo.InstanceInfo@21341b2c, com.netflix.appinfo.InstanceInfo@f60ab6b, com.netflix.appinfo.InstanceInfo@9c049c93], instancesMap={192.168.243.93:8080@26c19ffa-c507-46c2-814f-d6ca9d474f0a=com.netflix.appinfo.InstanceInfo@9c049c93, 192.168.70.149:8080@eadd13df-71ee-49dc-9af0-0cd6ceb47d9c=com.netflix.appinfo.InstanceInfo@b31fe09d, 172.21.23.240:8080@75c9ab00-9e67-4ade-b153-ad15be8ec14a=com.netflix.appinfo.InstanceInfo@1e6ae89e, 172.21.193.74:8080@c40b31da-6317-4cd7-9aec-800ba6c3c801=com.netflix.appinfo.InstanceInfo@bce8f11e, 192.168.186.40:8080@61da2de9-3240-4669-98af-26d87126e3b7=com.netflix.appinfo.InstanceInfo@21341b2c, virtual-prewarning-pub57999427-a144-4414-8433-7abb96c0c162=com.netflix.appinfo.InstanceInfo@278b7e61, 10.3.35.54:31266@37e6203d-8826-4647-a156-fb57bdba4dae=com.netflix.appinfo.InstanceInfo@f60ab6b, 192.168.157.15:8080@189ae788-3aae-4c65-9bdc-9cd577fe04fe=com.netflix.appinfo.InstanceInfo@86da5c65, 172.21.167.172:8080@7da54bf4-ebbe-40cd-a8df-de9e55409c04=com.netflix.appinfo.InstanceInfo@a99e4610}] 
2019-10-07 10:47:19.587 INFO  [DiscoveryClient-CacheRefreshExecutor-0] [c.netflix.discovery.DiscoveryClient] [] [] [] [] [] [] [] [iuap,iuap-eyetouch-seentao-server,,,,,] - Succeed to add instance 10.100.79.147:9688@68c4a339-ce30-462f-aa98-7aa18578a116 to the existing apps in region null, providerId:c87e2267-1001-4c70-bb2a-ab41f3b81aa3, appname:IUAP-EYETOUCH-SEENTAO-SERVER, registeredApplications:Application [name=IUAP-EYETOUCH-SEENTAO-SERVER, appRemark=null, providerId=c87e2267-1001-4c70-bb2a-ab41f3b81aa3, isDirty=true, instances=[com.netflix.appinfo.InstanceInfo@aa249f75, com.netflix.appinfo.InstanceInfo@10aeb48c], shuffledInstances=[com.netflix.appinfo.InstanceInfo@aa249f75], instancesMap={192.168.45.131:9688@63a6dbe0-db39-4550-a004-cf2478198ed5=com.netflix.appinfo.InstanceInfo@aa249f75, 10.100.79.147:9688@68c4a339-ce30-462f-aa98-7aa18578a116=com.netflix.appinfo.InstanceInfo@10aeb48c}] 
2019-10-07 10:47:20.262 ERROR [HttpNodeWatcher-1] [c.y.c.m.e.p.c.w.i.HttpStatelessConfWatcher] [] [] [] [] [] [] [] [iuap,iuap-eyetouch-seentao-server,,,,,] - config check error, path is iuap-eyetouch-seentao-server:1.0.0:dev:FILE:authority.json, error:. java.lang.Exception: status is not ok.
	at com.yonyou.cloud.middleware.embed.proteus.client.fetcher.impl.FetcherMgrImpl.getValueFromServer(FetcherMgrImpl.java:91)
	at com.yonyou.cloud.middleware.embed.proteus.client.watch.inner.HttpStatelessConfWatcher.getServerConfUpdateTs(HttpStatelessConfWatcher.java:197)
	at com.yonyou.cloud.middleware.embed.proteus.client.watch.inner.HttpStatelessConfWatcher.access$100(HttpStatelessConfWatcher.java:25)
	at com.yonyou.cloud.middleware.embed.proteus.client.watch.inner.HttpStatelessConfWatcher$1.run(HttpStatelessConfWatcher.java:97)
	at java.util.concurrent.ThreadPoolExecutor.runWorker(ThreadPoolExecutor.java:1149)
	at java.util.concurrent.ThreadPoolExecutor$Worker.run(ThreadPoolExecutor.java:624)
	at java.lang.Thread.run(Thread.java:748)

2019-10-07 10:47:20.262 ERROR [HttpNodeWatcher-2] [c.y.c.m.e.p.c.w.i.HttpStatelessConfWatcher] [] [] [] [] [] [] [] [iuap,iuap-eyetouch-seentao-server,,,,,] - config check error, path is iuap-eyetouch-seentao-server:1.0.0:dev:FILE:strategy.json, error:. java.lang.Exception: status is not ok.
	at com.yonyou.cloud.middleware.embed.proteus.client.fetcher.impl.FetcherMgrImpl.getValueFromServer(FetcherMgrImpl.java:91)
	at com.yonyou.cloud.middleware.embed.proteus.client.watch.inner.HttpStatelessConfWatcher.getServerConfUpdateTs(HttpStatelessConfWatcher.java:197)
	at com.yonyou.cloud.middleware.embed.proteus.client.watch.inner.HttpStatelessConfWatcher.access$100(HttpStatelessConfWatcher.java:25)
	at com.yonyou.cloud.middleware.embed.proteus.client.watch.inner.HttpStatelessConfWatcher$1.run(HttpStatelessConfWatcher.java:97)
	at java.util.concurrent.ThreadPoolExecutor.runWorker(ThreadPoolExecutor.java:1149)
	at java.util.concurrent.ThreadPoolExecutor$Worker.run(ThreadPoolExecutor.java:624)
	at java.lang.Thread.run(Thread.java:748)

2019-10-07 10:47:25.329 ERROR [HttpNodeWatcher-2] [c.y.c.m.e.p.c.w.i.HttpStatelessConfWatcher] [] [] [] [] [] [] [] [iuap,iuap-eyetouch-seentao-server,,,,,] - config check error, path is iuap-eyetouch-seentao-server:1.0.0:dev:FILE:strategy.json, error:. java.lang.Exception: status is not ok.
	at com.yonyou.cloud.middleware.embed.proteus.client.fetcher.impl.FetcherMgrImpl.getValueFromServer(FetcherMgrImpl.java:91)
	at com.yonyou.cloud.middleware.embed.proteus.client.watch.inner.HttpStatelessConfWatcher.getServerConfUpdateTs(HttpStatelessConfWatcher.java:197)
	at com.yonyou.cloud.middleware.embed.proteus.client.watch.inner.HttpStatelessConfWatcher.access$100(HttpStatelessConfWatcher.java:25)
	at com.yonyou.cloud.middleware.embed.proteus.client.watch.inner.HttpStatelessConfWatcher$1.run(HttpStatelessConfWatcher.java:97)
	at java.util.concurrent.ThreadPoolExecutor.runWorker(ThreadPoolExecutor.java:1149)
	at java.util.concurrent.ThreadPoolExecutor$Worker.run(ThreadPoolExecutor.java:624)
	at java.lang.Thread.run(Thread.java:748)

2019-10-07 10:47:25.332 ERROR [HttpNodeWatcher-1] [c.y.c.m.e.p.c.w.i.HttpStatelessConfWatcher] [] [] [] [] [] [] [] [iuap,iuap-eyetouch-seentao-server,,,,,] - config check error, path is iuap-eyetouch-seentao-server:1.0.0:dev:FILE:authority.json, error:. java.lang.Exception: status is not ok.
	at com.yonyou.cloud.middleware.embed.proteus.client.fetcher.impl.FetcherMgrImpl.getValueFromServer(FetcherMgrImpl.java:91)
	at com.yonyou.cloud.middleware.embed.proteus.client.watch.inner.HttpStatelessConfWatcher.getServerConfUpdateTs(HttpStatelessConfWatcher.java:197)
	at com.yonyou.cloud.middleware.embed.proteus.client.watch.inner.HttpStatelessConfWatcher.access$100(HttpStatelessConfWatcher.java:25)
	at com.yonyou.cloud.middleware.embed.proteus.client.watch.inner.HttpStatelessConfWatcher$1.run(HttpStatelessConfWatcher.java:97)
	at java.util.concurrent.ThreadPoolExecutor.runWorker(ThreadPoolExecutor.java:1149)
	at java.util.concurrent.ThreadPoolExecutor$Worker.run(ThreadPoolExecutor.java:624)
	at java.lang.Thread.run(Thread.java:748)

2019-10-07 10:47:28.575 INFO  [main] [org.reflections.Reflections] [] [] [] [] [] [] [] [iuap,iuap-eyetouch-seentao-server,,,,,] - Reflections took 17718 ms to scan 470 urls, producing 22629 keys and 114629 values  
2019-10-07 10:47:28.612 INFO  [main] [c.y.c.m.rpc.RPCStubBeanFactory] [] [] [] [] [] [] [] [iuap,iuap-eyetouch-seentao-server,,,,,] - build {} 
2019-10-07 10:47:28.616 INFO  [main] [c.y.c.m.rpc.RPCStubBeanFactory] [] [] [] [] [] [] [] [iuap,iuap-eyetouch-seentao-server,,,,,] - build {} 
2019-10-07 10:47:28.619 INFO  [main] [c.y.c.m.rpc.RPCStubBeanFactory] [] [] [] [] [] [] [] [iuap,iuap-eyetouch-seentao-server,,,,,] - build {} 
2019-10-07 10:47:28.623 INFO  [main] [c.y.c.m.rpc.RPCStubBeanFactory] [] [] [] [] [] [] [] [iuap,iuap-eyetouch-seentao-server,,,,,] - build {} 
2019-10-07 10:47:28.782 INFO  [main] [o.s.m.n.redis.pool.JedisPoolBuilder] [] [] [] [] [] [] [] [iuap,iuap-eyetouch-seentao-server,,,,,] - Building JedisDirectPool, on redis server 127.0.0.1:6379 
2019-10-07 10:47:28.793 INFO  [main] [o.s.c.s.PostProcessorRegistrationDelegate$BeanPostProcessorChecker] [] [] [] [] [] [] [] [iuap,iuap-eyetouch-seentao-server,,,,,] - Bean 'sessionJedisPool' of type [org.springside.modules.nosql.redis.pool.JedisDirectPool] is not eligible for getting processed by all BeanPostProcessors (for example: not eligible for auto-proxying) 
2019-10-07 10:47:28.801 INFO  [main] [o.s.c.s.PostProcessorRegistrationDelegate$BeanPostProcessorChecker] [] [] [] [] [] [] [] [iuap,iuap-eyetouch-seentao-server,,,,,] - Bean 'sessionMgr' of type [com.yonyou.iuap.auth.session.SessionManager] is not eligible for getting processed by all BeanPostProcessors (for example: not eligible for auto-proxying) 
2019-10-07 10:47:28.812 INFO  [main] [o.s.c.s.PostProcessorRegistrationDelegate$BeanPostProcessorChecker] [] [] [] [] [] [] [] [iuap,iuap-eyetouch-seentao-server,,,,,] - Bean 'webTokenProcessor' of type [com.yonyou.iuap.auth.token.DefaultTokenPorcessor] is not eligible for getting processed by all BeanPostProcessors (for example: not eligible for auto-proxying) 
2019-10-07 10:47:28.814 INFO  [main] [o.s.c.s.PostProcessorRegistrationDelegate$BeanPostProcessorChecker] [] [] [] [] [] [] [] [iuap,iuap-eyetouch-seentao-server,,,,,] - Bean 'maTokenProcessor' of type [com.yonyou.iuap.auth.token.DefaultTokenPorcessor] is not eligible for getting processed by all BeanPostProcessors (for example: not eligible for auto-proxying) 
2019-10-07 10:47:28.821 INFO  [main] [o.s.c.s.PostProcessorRegistrationDelegate$BeanPostProcessorChecker] [] [] [] [] [] [] [] [iuap,iuap-eyetouch-seentao-server,,,,,] - Bean 'tokenFactory' of type [com.yonyou.iuap.auth.token.TokenFactory] is not eligible for getting processed by all BeanPostProcessors (for example: not eligible for auto-proxying) 
2019-10-07 10:47:28.862 INFO  [main] [o.s.c.s.PostProcessorRegistrationDelegate$BeanPostProcessorChecker] [] [] [] [] [] [] [] [iuap,iuap-eyetouch-seentao-server,,,,,] - Bean 'statelessRealm' of type [com.yonyou.iuap.auth.shiro.StatelessRealm] is not eligible for getting processed by all BeanPostProcessors (for example: not eligible for auto-proxying) 
2019-10-07 10:47:28.925 INFO  [main] [o.s.c.s.PostProcessorRegistrationDelegate$BeanPostProcessorChecker] [] [] [] [] [] [] [] [iuap,iuap-eyetouch-seentao-server,,,,,] - Bean 'subjectFactory' of type [com.yonyou.iuap.auth.shiro.StatelessDefaultSubjectFactory] is not eligible for getting processed by all BeanPostProcessors (for example: not eligible for auto-proxying) 
2019-10-07 10:47:28.955 INFO  [main] [o.s.c.s.PostProcessorRegistrationDelegate$BeanPostProcessorChecker] [] [] [] [] [] [] [] [iuap,iuap-eyetouch-seentao-server,,,,,] - Bean 'sessionManager' of type [org.apache.shiro.session.mgt.DefaultSessionManager] is not eligible for getting processed by all BeanPostProcessors (for example: not eligible for auto-proxying) 
2019-10-07 10:47:28.956 WARN  [main] [o.a.s.w.m.DefaultWebSecurityManager] [] [] [] [] [] [] [] [iuap,iuap-eyetouch-seentao-server,,,,,] - The org.apache.shiro.web.mgt.DefaultWebSecurityManager implementation expects SessionManager instances that implement the org.apache.shiro.web.session.mgt.WebSessionManager interface.  The configured instance is of type [org.apache.shiro.session.mgt.DefaultSessionManager] which does not implement this interface..  This may cause unexpected behavior. 
2019-10-07 10:47:28.956 INFO  [main] [o.s.c.s.PostProcessorRegistrationDelegate$BeanPostProcessorChecker] [] [] [] [] [] [] [] [iuap,iuap-eyetouch-seentao-server,,,,,] - Bean 'securityManager' of type [org.apache.shiro.web.mgt.DefaultWebSecurityManager] is not eligible for getting processed by all BeanPostProcessors (for example: not eligible for auto-proxying) 
2019-10-07 10:47:28.958 INFO  [main] [o.s.c.s.PostProcessorRegistrationDelegate$BeanPostProcessorChecker] [] [] [] [] [] [] [] [iuap,iuap-eyetouch-seentao-server,,,,,] - Bean 'org.springframework.beans.factory.config.MethodInvokingFactoryBean#0' of type [org.springframework.beans.factory.config.MethodInvokingFactoryBean] is not eligible for getting processed by all BeanPostProcessors (for example: not eligible for auto-proxying) 
2019-10-07 10:47:28.999 INFO  [main] [o.s.c.s.PostProcessorRegistrationDelegate$BeanPostProcessorChecker] [] [] [] [] [] [] [] [iuap,iuap-eyetouch-seentao-server,,,,,] - Bean 'org.springframework.retry.annotation.RetryConfiguration' of type [org.springframework.retry.annotation.RetryConfiguration$$EnhancerBySpringCGLIB$$63caaf30] is not eligible for getting processed by all BeanPostProcessors (for example: not eligible for auto-proxying) 
2019-10-07 10:47:29.055 INFO  [main] [o.s.c.s.PostProcessorRegistrationDelegate$BeanPostProcessorChecker] [] [] [] [] [] [] [] [iuap,iuap-eyetouch-seentao-server,,,,,] - Bean 'org.springframework.boot.autoconfigure.jdbc.DataSourceConfiguration$Tomcat' of type [org.springframework.boot.autoconfigure.jdbc.DataSourceConfiguration$Tomcat$$EnhancerBySpringCGLIB$$ab905c6e] is not eligible for getting processed by all BeanPostProcessors (for example: not eligible for auto-proxying) 
2019-10-07 10:47:29.089 INFO  [main] [o.s.c.s.PostProcessorRegistrationDelegate$BeanPostProcessorChecker] [] [] [] [] [] [] [] [iuap,iuap-eyetouch-seentao-server,,,,,] - Bean 'spring.datasource-org.springframework.boot.autoconfigure.jdbc.DataSourceProperties' of type [org.springframework.boot.autoconfigure.jdbc.DataSourceProperties] is not eligible for getting processed by all BeanPostProcessors (for example: not eligible for auto-proxying) 
2019-10-07 10:47:29.111 INFO  [main] [o.s.c.s.PostProcessorRegistrationDelegate$BeanPostProcessorChecker] [] [] [] [] [] [] [] [iuap,iuap-eyetouch-seentao-server,,,,,] - Bean 'dataSource' of type [org.apache.tomcat.jdbc.pool.DataSource] is not eligible for getting processed by all BeanPostProcessors (for example: not eligible for auto-proxying) 
2019-10-07 10:47:29.122 INFO  [main] [o.s.c.s.PostProcessorRegistrationDelegate$BeanPostProcessorChecker] [] [] [] [] [] [] [] [iuap,iuap-eyetouch-seentao-server,,,,,] - Bean 'org.springframework.boot.autoconfigure.jdbc.DataSourceInitializerInvoker' of type [org.springframework.boot.autoconfigure.jdbc.DataSourceInitializerInvoker] is not eligible for getting processed by all BeanPostProcessors (for example: not eligible for auto-proxying) 
2019-10-07 10:47:29.125 INFO  [main] [o.s.c.s.PostProcessorRegistrationDelegate$BeanPostProcessorChecker] [] [] [] [] [] [] [] [iuap,iuap-eyetouch-seentao-server,,,,,] - Bean 'ucfMybatisConfig' of type [com.yonyou.iuap.ucf.boot.autoconfigure.UcfMybatisConfig$$EnhancerBySpringCGLIB$$60f9db11] is not eligible for getting processed by all BeanPostProcessors (for example: not eligible for auto-proxying) 
2019-10-07 10:47:29.130 INFO  [main] [o.s.c.s.PostProcessorRegistrationDelegate$BeanPostProcessorChecker] [] [] [] [] [] [] [] [iuap,iuap-eyetouch-seentao-server,,,,,] - Bean 'annotationDrivenTransactionManager' of type [org.springframework.jdbc.datasource.DataSourceTransactionManager] is not eligible for getting processed by all BeanPostProcessors (for example: not eligible for auto-proxying) 
2019-10-07 10:47:29.131 INFO  [main] [o.s.c.s.PostProcessorRegistrationDelegate$BeanPostProcessorChecker] [] [] [] [] [] [] [] [iuap,iuap-eyetouch-seentao-server,,,,,] - Bean 'org.springframework.transaction.annotation.ProxyTransactionManagementConfiguration' of type [org.springframework.transaction.annotation.ProxyTransactionManagementConfiguration$$EnhancerBySpringCGLIB$$6e07170b] is not eligible for getting processed by all BeanPostProcessors (for example: not eligible for auto-proxying) 
2019-10-07 10:47:29.181 INFO  [main] [o.s.c.s.PostProcessorRegistrationDelegate$BeanPostProcessorChecker] [] [] [] [] [] [] [] [iuap,iuap-eyetouch-seentao-server,,,,,] - Bean 'statelessAuthcFilter' of type [com.yonyou.iuap.auth.shiro.StatelessAuthcFilter] is not eligible for getting processed by all BeanPostProcessors (for example: not eligible for auto-proxying) 
2019-10-07 10:47:29.208 INFO  [main] [o.s.c.s.PostProcessorRegistrationDelegate$BeanPostProcessorChecker] [] [] [] [] [] [] [] [iuap,iuap-eyetouch-seentao-server,,,,,] - Bean 'util:map#399c408c' of type [org.springframework.beans.factory.config.MapFactoryBean] is not eligible for getting processed by all BeanPostProcessors (for example: not eligible for auto-proxying) 
2019-10-07 10:47:29.209 INFO  [main] [o.s.c.s.PostProcessorRegistrationDelegate$BeanPostProcessorChecker] [] [] [] [] [] [] [] [iuap,iuap-eyetouch-seentao-server,,,,,] - Bean 'util:map#399c408c' of type [java.util.LinkedHashMap] is not eligible for getting processed by all BeanPostProcessors (for example: not eligible for auto-proxying) 
2019-10-07 10:47:30.403 ERROR [HttpNodeWatcher-2] [c.y.c.m.e.p.c.w.i.HttpStatelessConfWatcher] [] [] [] [] [] [] [] [iuap,iuap-eyetouch-seentao-server,,,,,] - config check error, path is iuap-eyetouch-seentao-server:1.0.0:dev:FILE:strategy.json, error:. java.lang.Exception: status is not ok.
	at com.yonyou.cloud.middleware.embed.proteus.client.fetcher.impl.FetcherMgrImpl.getValueFromServer(FetcherMgrImpl.java:91)
	at com.yonyou.cloud.middleware.embed.proteus.client.watch.inner.HttpStatelessConfWatcher.getServerConfUpdateTs(HttpStatelessConfWatcher.java:197)
	at com.yonyou.cloud.middleware.embed.proteus.client.watch.inner.HttpStatelessConfWatcher.access$100(HttpStatelessConfWatcher.java:25)
	at com.yonyou.cloud.middleware.embed.proteus.client.watch.inner.HttpStatelessConfWatcher$1.run(HttpStatelessConfWatcher.java:97)
	at java.util.concurrent.ThreadPoolExecutor.runWorker(ThreadPoolExecutor.java:1149)
	at java.util.concurrent.ThreadPoolExecutor$Worker.run(ThreadPoolExecutor.java:624)
	at java.lang.Thread.run(Thread.java:748)

2019-10-07 10:47:30.405 ERROR [HttpNodeWatcher-1] [c.y.c.m.e.p.c.w.i.HttpStatelessConfWatcher] [] [] [] [] [] [] [] [iuap,iuap-eyetouch-seentao-server,,,,,] - config check error, path is iuap-eyetouch-seentao-server:1.0.0:dev:FILE:authority.json, error:. java.lang.Exception: status is not ok.
	at com.yonyou.cloud.middleware.embed.proteus.client.fetcher.impl.FetcherMgrImpl.getValueFromServer(FetcherMgrImpl.java:91)
	at com.yonyou.cloud.middleware.embed.proteus.client.watch.inner.HttpStatelessConfWatcher.getServerConfUpdateTs(HttpStatelessConfWatcher.java:197)
	at com.yonyou.cloud.middleware.embed.proteus.client.watch.inner.HttpStatelessConfWatcher.access$100(HttpStatelessConfWatcher.java:25)
	at com.yonyou.cloud.middleware.embed.proteus.client.watch.inner.HttpStatelessConfWatcher$1.run(HttpStatelessConfWatcher.java:97)
	at java.util.concurrent.ThreadPoolExecutor.runWorker(ThreadPoolExecutor.java:1149)
	at java.util.concurrent.ThreadPoolExecutor$Worker.run(ThreadPoolExecutor.java:624)
	at java.lang.Thread.run(Thread.java:748)

2019-10-07 10:47:30.878 INFO  [main] [o.s.b.w.e.tomcat.TomcatWebServer] [] [] [] [] [] [] [] [iuap,iuap-eyetouch-seentao-server,,,,,] - Tomcat initialized with port(s): 9688 (http) 
2019-10-07 10:47:30.898 INFO  [main] [o.a.coyote.http11.Http11NioProtocol] [] [] [] [] [] [] [] [iuap,iuap-eyetouch-seentao-server,,,,,] - Initializing ProtocolHandler ["http-nio-9688"] 
2019-10-07 10:47:30.913 INFO  [main] [o.a.catalina.core.StandardService] [] [] [] [] [] [] [] [iuap,iuap-eyetouch-seentao-server,,,,,] - Starting service [Tomcat] 
2019-10-07 10:47:30.913 INFO  [main] [o.a.catalina.core.StandardEngine] [] [] [] [] [] [] [] [iuap,iuap-eyetouch-seentao-server,,,,,] - Starting Servlet engine: [Apache Tomcat/9.0.17] 
2019-10-07 10:47:31.263 INFO  [main] [o.a.c.c.C.[.[.[/eyetouch-seentao-be]] [] [] [] [] [] [] [] [iuap,iuap-eyetouch-seentao-server,,,,,] - Initializing Spring embedded WebApplicationContext 
2019-10-07 10:47:31.264 INFO  [main] [o.s.web.context.ContextLoader] [] [] [] [] [] [] [] [iuap,iuap-eyetouch-seentao-server,,,,,] - Root WebApplicationContext: initialization completed in 50843 ms 
2019-10-07 10:47:31.341 INFO  [main] [o.s.b.web.servlet.RegistrationBean] [] [] [] [] [] [] [] [iuap,iuap-eyetouch-seentao-server,,,,,] - Filter statelessAuthcFilter was not registered (disabled) 
2019-10-07 10:47:31.341 INFO  [main] [o.s.b.web.servlet.RegistrationBean] [] [] [] [] [] [] [] [iuap,iuap-eyetouch-seentao-server,,,,,] - Filter logoutFilter was not registered (disabled) 
2019-10-07 10:47:31.342 INFO  [main] [o.s.b.web.servlet.RegistrationBean] [] [] [] [] [] [] [] [iuap,iuap-eyetouch-seentao-server,,,,,] - Filter shiroFilter was not registered (possibly already registered?) 
